\BOOKMARK [0][-]{chapter.1}{Introducci\363n}{}% 1
\BOOKMARK [1][-]{section.1.1}{Introducci\363n}{chapter.1}% 2
\BOOKMARK [1][-]{section.1.2}{Paralelismo a nivel de instrucci\363n}{chapter.1}% 3
\BOOKMARK [2][-]{subsection.1.2.1}{Superescalar}{section.1.2}% 4
\BOOKMARK [2][-]{subsection.1.2.2}{VLIW}{section.1.2}% 5
\BOOKMARK [1][-]{section.1.3}{Motivaci\363n para el trabajo}{chapter.1}% 6
\BOOKMARK [0][-]{chapter.2}{Antecedentes}{}% 7
\BOOKMARK [1][-]{section.2.1}{SIMDE}{chapter.2}% 8
\BOOKMARK [1][-]{section.2.2}{Otros simuladores}{chapter.2}% 9
\BOOKMARK [1][-]{section.2.3}{Evoluci\363n del mundo web}{chapter.2}% 10
\BOOKMARK [0][-]{chapter.3}{Objetivos y fases}{}% 11
\BOOKMARK [1][-]{section.3.1}{Objetivos}{chapter.3}% 12
\BOOKMARK [1][-]{section.3.2}{Fases}{chapter.3}% 13
\BOOKMARK [0][-]{chapter.4}{Tecnolog\355as}{}% 14
\BOOKMARK [1][-]{section.4.1}{Lenguaje para la l\363gica de la aplicaci\363n}{chapter.4}% 15
\BOOKMARK [2][-]{subsection.4.1.1}{Coffescript}{section.4.1}% 16
\BOOKMARK [2][-]{subsection.4.1.2}{Dart}{section.4.1}% 17
\BOOKMARK [2][-]{subsection.4.1.3}{Typescript}{section.4.1}% 18
\BOOKMARK [1][-]{section.4.2}{Tecnolog\355a para la integraci\363n modelo vista}{chapter.4}% 19
\BOOKMARK [2][-]{subsection.4.2.1}{Webcomponents}{section.4.2}% 20
\BOOKMARK [2][-]{subsection.4.2.2}{Polymer}{section.4.2}% 21
\BOOKMARK [2][-]{subsection.4.2.3}{React}{section.4.2}% 22
\BOOKMARK [1][-]{section.4.3}{Tecnolog\355a para hacer la build}{chapter.4}% 23
\BOOKMARK [2][-]{subsection.4.3.1}{Gulp/Grunt}{section.4.3}% 24
\BOOKMARK [2][-]{subsection.4.3.2}{Webpack}{section.4.3}% 25
\BOOKMARK [1][-]{section.4.4}{Tecnolog\355a para la documentaci\363n}{chapter.4}% 26
\BOOKMARK [2][-]{subsection.4.4.1}{Generadores de contenido est\341tico}{section.4.4}% 27
\BOOKMARK [2][-]{subsection.4.4.2}{Hexo}{section.4.4}% 28
\BOOKMARK [0][-]{chapter.5}{Desarrollo del proyecto}{}% 29
\BOOKMARK [1][-]{section.5.1}{Migraci\363n del n\372cleo de la aplicaci\363n}{chapter.5}% 30
\BOOKMARK [2][-]{subsection.5.1.1}{Analizadores l\351xicos}{section.5.1}% 31
\BOOKMARK [2][-]{subsection.5.1.2}{Lex}{section.5.1}% 32
\BOOKMARK [1][-]{section.5.2}{Migraci\363n de la m\341quina superescalar}{chapter.5}% 33
\BOOKMARK [1][-]{section.5.3}{Desarrollo de la interfaz}{chapter.5}% 34
\BOOKMARK [2][-]{subsection.5.3.1}{An\341lisis de la interfaz original}{section.5.3}% 35
\BOOKMARK [2][-]{subsection.5.3.2}{El nuevo dise\361o web}{section.5.3}% 36
\BOOKMARK [2][-]{subsection.5.3.3}{El nuevo dise\361o por componentes}{section.5.3}% 37
\BOOKMARK [1][-]{section.5.4}{Integraci\363n interfaz - l\363gica desarrollada}{chapter.5}% 38
\BOOKMARK [2][-]{subsection.5.4.1}{Realizaci\363n de los bindings}{section.5.4}% 39
\BOOKMARK [1][-]{section.5.5}{Migraci\363n de la documentaci\363n}{chapter.5}% 40
\BOOKMARK [0][-]{chapter.6}{Ampliaci\363n de funcionalidades}{}% 41
\BOOKMARK [1][-]{section.6.1}{Parseador}{chapter.6}% 42
\BOOKMARK [1][-]{section.6.2}{Modo de ejecuci\363n en lotes}{chapter.6}% 43
\BOOKMARK [1][-]{section.6.3}{Hist\363rico}{chapter.6}% 44
\BOOKMARK [0][-]{chapter.7}{Conclusiones y l\355neas futuras }{}% 45
\BOOKMARK [1][-]{section.7.1}{Conclusiones}{chapter.7}% 46
\BOOKMARK [1][-]{section.7.2}{L\355neas futuras}{chapter.7}% 47
\BOOKMARK [0][-]{chapter.8}{Summary and Conclusions }{}% 48
\BOOKMARK [1][-]{section.8.1}{Summary}{chapter.8}% 49
\BOOKMARK [1][-]{section.8.2}{Future work lines}{chapter.8}% 50
\BOOKMARK [0][-]{chapter.9}{Presupuesto}{}% 51
\BOOKMARK [0][-]{appendix.Alph1}{T\355tulo del Ap\351ndice 1}{}% 52
\BOOKMARK [1][-]{section.Alph1.1}{Algoritmo XXX}{appendix.Alph1}% 53
\BOOKMARK [1][-]{section.Alph1.2}{Algoritmo YYY}{appendix.Alph1}% 54
\BOOKMARK [0][-]{section.Alph1.2}{Bibliograf\355a}{}% 55
